#
# A fatal error has been detected by the Java Runtime Environment:
#
#  EXCEPTION_ACCESS_VIOLATION (0xc0000005) at pc=0x000000005ca78845, pid=9732, tid=22956
#
# JRE version: Java(TM) SE Runtime Environment (8.0_60-b27) (build 1.8.0_60-b27)
# Java VM: Java HotSpot(TM) 64-Bit Server VM (25.60-b23 mixed mode windows-amd64 compressed oops)
# Problematic frame:
# V  [jvm.dll+0x128845]
#
# Failed to write core dump. Minidumps are not enabled by default on client versions of Windows
#
# If you would like to submit a bug report, please visit:
#   http://bugreport.java.com/bugreport/crash.jsp
#

---------------  T H R E A D  ---------------

Current thread (0x0000000028672000):  JavaThread "JDWP Transport Listener: dt_socket" daemon [_thread_in_vm, id=22956, stack(0x0000000028c20000,0x0000000028d20000)]

siginfo: ExceptionCode=0xc0000005, reading address 0x00003b7265666600

Registers:
RAX=0x0000000028d1f401, RBX=0x0000000028672000, RCX=0x00003b7265666600, RDX=0x0000000000000000
RSP=0x0000000028d1f450, RBP=0x00003b7265666600, RSI=0x0000000028d1f568, RDI=0x0000000002fdbaa0
R8 =0x0000000028672000, R9 =0x0000000000008000, R10=0x0000000000000000, R11=0x0000000029a4ef79
R12=0x0000000000000000, R13=0x0000000028679808, R14=0x0000000000000000, R15=0x0000000000000000
RIP=0x000000005ca78845, EFLAGS=0x0000000000010206

Top of Stack: (sp=0x0000000028d1f450)
0x0000000028d1f450:   0000000028672000 0000000028672000
0x0000000028d1f460:   0000000028d1f518 000000005cc7e18b
0x0000000028d1f470:   0000000028672000 000000005cc9a9ed
0x0000000028d1f480:   0000000000000000 000000005b299155
0x0000000028d1f490:   00000000287caed0 000000005b2a291e
0x0000000028d1f4a0:   0000000028672000 0000000000000000
0x0000000028d1f4b0:   0000000000000000 0000000000000000
0x0000000028d1f4c0:   00003b7265666600 000000005b2a1a15
0x0000000028d1f4d0:   0000000028d1f568 0000000028d1f540
0x0000000028d1f4e0:   0000000000000001 00000000287caed0
0x0000000028d1f4f0:   00003b7265666600 000000005b2853b3
0x0000000028d1f500:   0000000028d1f630 0000000000000001
0x0000000028d1f510:   0000000000000001 00000000287caed0
0x0000000028d1f520:   0000000000000009 0000000000000000
0x0000000028d1f530:   0000000000000000 0000000000000000
0x0000000028d1f540:   0000000000000001 000000005b285571 

Instructions: (pc=0x000000005ca78845)
0x000000005ca78825:   cc cc cc cc cc cc cc cc cc cc cc 48 83 ec 28 48
0x000000005ca78835:   85 c9 75 07 33 c0 48 83 c4 28 c3 48 89 5c 24 20
0x000000005ca78845:   48 8b 19 48 85 db 74 20 48 83 fb 37 74 1a 48 8b
0x000000005ca78855:   13 48 8b cb ff 52 10 84 c0 74 0d 48 8b c3 48 8b 


Register to memory mapping:

RAX=0x0000000028d1f401 is pointing into the stack for thread: 0x0000000028672000
RBX=0x0000000028672000 is a thread
RCX=0x00003b7265666600 is an unknown value
RDX=0x0000000000000000 is an unknown value
RSP=0x0000000028d1f450 is pointing into the stack for thread: 0x0000000028672000
RBP=0x00003b7265666600 is an unknown value
RSI=0x0000000028d1f568 is pointing into the stack for thread: 0x0000000028672000
RDI=0x0000000002fdbaa0 is an unknown value
R8 =0x0000000028672000 is a thread
R9 =0x0000000000008000 is an unknown value
R10=0x0000000000000000 is an unknown value
R11=0x0000000029a4ef79 is an unknown value
R12=0x0000000000000000 is an unknown value
R13=0x0000000028679808 is an unknown value
R14=0x0000000000000000 is an unknown value
R15=0x0000000000000000 is an unknown value


Stack: [0x0000000028c20000,0x0000000028d20000],  sp=0x0000000028d1f450,  free space=1021k
Native frames: (J=compiled Java code, j=interpreted, Vv=VM code, C=native code)
V  [jvm.dll+0x128845]
V  [jvm.dll+0x34a9ed]
C  [jdwp.dll+0x21a15]
C  [jdwp.dll+0x53b3]
C  [jdwp.dll+0x5571]
C  [jdwp.dll+0xf0a8]
C  [jdwp.dll+0x1f2d5]
C  [jdwp.dll+0x1f4aa]
V  [jvm.dll+0x1bb8e8]
V  [jvm.dll+0x243134]
V  [jvm.dll+0x299f6a]
C  [msvcr100.dll+0x21d9f]
C  [msvcr100.dll+0x21e3b]
C  [KERNEL32.DLL+0x17974]
C  [ntdll.dll+0x6a271]


---------------  P R O C E S S  ---------------

Java Threads: ( => current thread )
  0x000000002873b000 JavaThread "Service Thread" daemon [_thread_blocked, id=23180, stack(0x0000000029390000,0x0000000029490000)]
  0x00000000286ca800 JavaThread "C1 CompilerThread3" daemon [_thread_blocked, id=624, stack(0x0000000029290000,0x0000000029390000)]
  0x00000000286a5800 JavaThread "C2 CompilerThread2" daemon [_thread_blocked, id=2392, stack(0x0000000029190000,0x0000000029290000)]
  0x00000000286a4000 JavaThread "C2 CompilerThread1" daemon [_thread_blocked, id=3560, stack(0x0000000029090000,0x0000000029190000)]
  0x0000000028692000 JavaThread "C2 CompilerThread0" daemon [_thread_blocked, id=7404, stack(0x0000000028f90000,0x0000000029090000)]
  0x0000000028680000 JavaThread "JDWP Command Reader" daemon [_thread_in_native, id=13908, stack(0x0000000028e90000,0x0000000028f90000)]
  0x000000002867d000 JavaThread "JDWP Event Helper Thread" daemon [_thread_blocked, id=6500, stack(0x0000000028d90000,0x0000000028e90000)]
=>0x0000000028672000 JavaThread "JDWP Transport Listener: dt_socket" daemon [_thread_in_vm, id=22956, stack(0x0000000028c20000,0x0000000028d20000)]
  0x0000000028669000 JavaThread "Attach Listener" daemon [_thread_blocked, id=3928, stack(0x0000000028ae0000,0x0000000028be0000)]
  0x0000000028604800 JavaThread "Signal Dispatcher" daemon [_thread_blocked, id=24284, stack(0x00000000289e0000,0x0000000028ae0000)]
  0x00000000035db800 JavaThread "Finalizer" daemon [_thread_blocked, id=17744, stack(0x00000000283e0000,0x00000000284e0000)]
  0x00000000035d5000 JavaThread "Reference Handler" daemon [_thread_blocked, id=8184, stack(0x00000000282e0000,0x00000000283e0000)]
  0x00000000034e3800 JavaThread "main" [_thread_blocked, id=23748, stack(0x0000000003070000,0x0000000003170000)]

Other Threads:
  0x0000000026519800 VMThread [stack: 0x00000000281e0000,0x00000000282e0000] [id=23728]
  0x00000000287b8000 WatcherThread [stack: 0x0000000029490000,0x0000000029590000] [id=15660]

VM state:not at safepoint (normal execution)

VM Mutex/Monitor currently owned by a thread: None

Heap:
 PSYoungGen      total 152576K, used 41984K [0x0000000716600000, 0x0000000721000000, 0x00000007c0000000)
  eden space 131072K, 32% used [0x0000000716600000,0x0000000718f00050,0x000000071e600000)
  from space 21504K, 0% used [0x000000071fb00000,0x000000071fb00000,0x0000000721000000)
  to   space 21504K, 0% used [0x000000071e600000,0x000000071e600000,0x000000071fb00000)
 ParOldGen       total 348160K, used 0K [0x00000005c3200000, 0x00000005d8600000, 0x0000000716600000)
  object space 348160K, 0% used [0x00000005c3200000,0x00000005c3200000,0x00000005d8600000)
 Metaspace       used 11608K, capacity 11840K, committed 12160K, reserved 1060864K
  class space    used 1247K, capacity 1354K, committed 1408K, reserved 1048576K

Card table byte_map: [0x00000000129a0000,0x0000000013990000] byte_map_base: 0x000000000fb87000

Marking Bits: (ParMarkBitMap*) 0x000000005d15a5b0
 Begin Bits: [0x0000000014c30000, 0x000000001cb68000)
 End Bits:   [0x000000001cb68000, 0x0000000024aa0000)

Polling page: 0x0000000002fc0000

CodeCache: size=245760Kb used=4417Kb max_used=4417Kb free=241342Kb
 bounds [0x00000000035e0000, 0x0000000003a40000, 0x00000000125e0000]
 total_blobs=1506 nmethods=1125 adapters=302
 compilation: enabled

Compilation events (10 events):
Event: 1287.317 Thread 0x00000000286ca800 1123       3       com.alibaba.fastjson.parser.JSONScanner::addSymbol (13 bytes)
Event: 1287.317 Thread 0x00000000286ca800 nmethod 1123 0x0000000003a25790 code [0x0000000003a25900, 0x0000000003a25b48]
Event: 1287.317 Thread 0x00000000286ca800 1124       3       com.alibaba.fastjson.parser.JSONScanner::stringVal (39 bytes)
Event: 1287.317 Thread 0x00000000286ca800 nmethod 1124 0x0000000003a25c90 code [0x0000000003a25e00, 0x0000000003a26118]
Event: 1287.317 Thread 0x00000000286ca800 1125       3       com.alibaba.fastjson.parser.JSONScanner::subString (83 bytes)
Event: 1287.317 Thread 0x00000000286ca800 nmethod 1125 0x0000000003a261d0 code [0x0000000003a26340, 0x0000000003a26588]
Event: 1319.630 Thread 0x00000000286ca800 1126       3       com.alibaba.fastjson.serializer.SerializeWriter::isEnabled (18 bytes)
Event: 1319.631 Thread 0x00000000286ca800 nmethod 1126 0x0000000003a27050 code [0x0000000003a271a0, 0x0000000003a27370]
Event: 1321.909 Thread 0x00000000286ca800 1127       3       com.alibaba.fastjson.serializer.SerializeWriter::writeStringWithDoubleQuote (2771 bytes)
Event: 1321.915 Thread 0x00000000286ca800 nmethod 1127 0x0000000003a27410 code [0x0000000003a27c00, 0x0000000003a2e5d8]

GC Heap History (0 events):
No events

Deoptimization events (10 events):
Event: 1282.333 Thread 0x00000000034e3800 Uncommon trap: reason=unstable_if action=reinterpret pc=0x0000000003756900 method=java.util.concurrent.ConcurrentHashMap.putVal(Ljava/lang/Object;Ljava/lang/Object;Z)Ljava/lang/Object; @ 344
Event: 1285.687 Thread 0x00000000034e3800 Uncommon trap: reason=unstable_if action=reinterpret pc=0x000000000372433c method=java.lang.String.indexOf([CII[CIII)I @ 3
Event: 1285.888 Thread 0x00000000034e3800 Uncommon trap: reason=unstable_if action=reinterpret pc=0x0000000003723354 method=java.lang.String.startsWith(Ljava/lang/String;I)Z @ 25
Event: 1285.966 Thread 0x00000000034e3800 Uncommon trap: reason=unstable_if action=reinterpret pc=0x00000000037a3254 method=java.lang.CharacterDataLatin1.digit(II)I @ 82
Event: 1286.656 Thread 0x00000000034e3800 Uncommon trap: reason=unstable_if action=reinterpret pc=0x00000000037a56ac method=java.lang.CharacterDataLatin1.digit(II)I @ 82
Event: 1286.755 Thread 0x00000000034e3800 Uncommon trap: reason=unstable_if action=reinterpret pc=0x0000000003829d48 method=java.io.ByteArrayInputStream.read()I @ 8
Event: 1286.956 Thread 0x00000000034e3800 Uncommon trap: reason=unstable_if action=reinterpret pc=0x0000000003943e78 method=sun.nio.cs.UTF_8$Decoder.decode([BII[C)I @ 30
Event: 1286.956 Thread 0x00000000034e3800 Uncommon trap: reason=unstable_if action=reinterpret pc=0x00000000039adf34 method=sun.security.util.DerValue.isPrintableStringChar(C)Z @ 9
Event: 1286.956 Thread 0x00000000034e3800 Uncommon trap: reason=unstable_if action=reinterpret pc=0x000000000396a7b4 method=java.lang.CharacterData.of(I)Ljava/lang/CharacterData; @ 4
Event: 1287.312 Thread 0x00000000034e3800 Uncommon trap: reason=unstable_if action=reinterpret pc=0x0000000003a17c68 method=com.alibaba.fastjson.parser.JSONScanner.next()C @ 18

Internal exceptions (9 events):
Event: 0.082 Thread 0x00000000034e3800 Exception <a 'java/lang/NoSuchMethodError': Method sun.misc.Unsafe.defineClass(Ljava/lang/String;[BII)Ljava/lang/Class; name or signature does not match> (0x0000000716613070) thrown at [C:\re\workspace\8-2-build-windows-amd64-cygwin\jdk8u60\4407\hotspot\sråıLnµ?
Event: 0.082 Thread 0x00000000034e3800 Exception <a 'java/lang/NoSuchMethodError': Method sun.misc.Unsafe.prefetchRead(Ljava/lang/Object;J)V name or signature does not match> (0x0000000716613358) thrown at [C:\re\workspace\8-2-build-windows-amd64-cygwin\jdk8u60\4407\hotspot\src\share\vm\prims\j_¡ÏT	î@
Event: 1282.281 Thread 0x00000000034e3800 Exception <a 'java/security/PrivilegedActionException'> (0x0000000716797c28) thrown at [C:\re\workspace\8-2-build-windows-amd64-cygwin\jdk8u60\4407\hotspot\src\share\vm\prims\jvm.cpp, line 1386]
Event: 1282.281 Thread 0x00000000034e3800 Exception <a 'java/security/PrivilegedActionException'> (0x0000000716797e38) thrown at [C:\re\workspace\8-2-build-windows-amd64-cygwin\jdk8u60\4407\hotspot\src\share\vm\prims\jvm.cpp, line 1386]
Event: 1282.281 Thread 0x00000000034e3800 Exception <a 'java/security/PrivilegedActionException'> (0x000000071679bc80) thrown at [C:\re\workspace\8-2-build-windows-amd64-cygwin\jdk8u60\4407\hotspot\src\share\vm\prims\jvm.cpp, line 1386]
Event: 1282.281 Thread 0x00000000034e3800 Exception <a 'java/security/PrivilegedActionException'> (0x000000071679be90) thrown at [C:\re\workspace\8-2-build-windows-amd64-cygwin\jdk8u60\4407\hotspot\src\share\vm\prims\jvm.cpp, line 1386]
Event: 1285.679 Thread 0x00000000034e3800 Exception <a 'java/lang/NoClassDefFoundError': org/apache/log4j/Priority> (0x00000007171dad28) thrown at [C:\re\workspace\8-2-build-windows-amd64-cygwin\jdk8u60\4407\hotspot\src\share\vm\classfile\systemDictionary.cpp, line 199]
Event: 1285.947 Thread 0x00000000034e3800 Exception <a 'java/lang/NoSuchFieldError': method resolution failed> (0x0000000717427be8) thrown at [C:\re\workspace\8-2-build-windows-amd64-cygwin\jdk8u60\4407\hotspot\src\share\vm\prims\methodHandles.cpp, line 1146]
Event: 1285.951 Thread 0x00000000034e3800 Exception <a 'java/lang/NoSuchFieldError': method resolution failed> (0x0000000717435328) thrown at [C:\re\workspace\8-2-build-windows-amd64-cygwin\jdk8u60\4407\hotspot\src\share\vm\prims\methodHandles.cpp, line 1146]

Events (10 events):
Event: 1788.255 Executing VM operation: RedefineClasses
Event: 1788.260 Executing VM operation: RedefineClasses done
Event: 1788.268 Executing VM operation: ChangeBreakpoints
Event: 1788.269 Executing VM operation: ChangeBreakpoints done
Event: 1788.275 Executing VM operation: ChangeBreakpoints
Event: 1788.276 Executing VM operation: ChangeBreakpoints done
Event: 1788.281 Executing VM operation: ChangeBreakpoints
Event: 1788.282 Executing VM operation: ChangeBreakpoints done
Event: 1831.595 Executing VM operation: RedefineClasses
Event: 1831.601 Executing VM operation: RedefineClasses done


Dynamic libraries:
0x00007ff74b2e0000 - 0x00007ff74b317000 	C:\Program Files\Java\jdk1.8.0_60\bin\javaw.exe
0x00007ffb2cfe0000 - 0x00007ffb2d1cd000 	C:\WINDOWS\SYSTEM32\ntdll.dll
0x00007ffb2b810000 - 0x00007ffb2b8c3000 	C:\WINDOWS\System32\KERNEL32.DLL
0x00007ffb29590000 - 0x00007ffb29823000 	C:\WINDOWS\System32\KERNELBASE.dll
0x00007ffb2c6b0000 - 0x00007ffb2c753000 	C:\WINDOWS\System32\ADVAPI32.dll
0x00007ffb2b8d0000 - 0x00007ffb2b96e000 	C:\WINDOWS\System32\msvcrt.dll
0x00007ffb2ccb0000 - 0x00007ffb2cd4e000 	C:\WINDOWS\System32\sechost.dll
0x00007ffb2c8c0000 - 0x00007ffb2c9e2000 	C:\WINDOWS\System32\RPCRT4.dll
0x00007ffb2c160000 - 0x00007ffb2c2f7000 	C:\WINDOWS\System32\USER32.dll
0x00007ffb2a1e0000 - 0x00007ffb2a200000 	C:\WINDOWS\System32\win32u.dll
0x00007ffb2c870000 - 0x00007ffb2c899000 	C:\WINDOWS\System32\GDI32.dll
0x00007ffb29250000 - 0x00007ffb293e9000 	C:\WINDOWS\System32\gdi32full.dll
0x00007ffb29470000 - 0x00007ffb29510000 	C:\WINDOWS\System32\msvcp_win.dll
0x00007ffb29150000 - 0x00007ffb2924a000 	C:\WINDOWS\System32\ucrtbase.dll
0x00007ffb18130000 - 0x00007ffb183a9000 	C:\WINDOWS\WinSxS\amd64_microsoft.windows.common-controls_6595b64144ccf1df_6.0.17763.802_none_05b1445c0722d2cc\COMCTL32.dll
0x00007ffb2bdf0000 - 0x00007ffb2c11c000 	C:\WINDOWS\System32\combase.dll
0x00007ffb29510000 - 0x00007ffb2958e000 	C:\WINDOWS\System32\bcryptPrimitives.dll
0x00007ffb2c130000 - 0x00007ffb2c15e000 	C:\WINDOWS\System32\IMM32.DLL
0x00007ffafa440000 - 0x00007ffafa4f2000 	C:\Program Files\McAfee\Endpoint Security\Threat Prevention\Ips\EpMPApi.dll
0x00007ffb29850000 - 0x00007ffb298a9000 	C:\WINDOWS\System32\WINTRUST.dll
0x00007ffb28fd0000 - 0x00007ffb28fe2000 	C:\WINDOWS\System32\MSASN1.dll
0x00007ffb298b0000 - 0x00007ffb29a8b000 	C:\WINDOWS\System32\CRYPT32.dll
0x000000005b2c0000 - 0x000000005b2cc000 	C:\Program Files\McAfee\Endpoint Security\Threat Prevention\Ips\EpMPThe.dll
0x000000005afb0000 - 0x000000005b082000 	C:\Program Files\Java\jdk1.8.0_60\jre\bin\msvcr100.dll
0x000000005c950000 - 0x000000005d1d9000 	C:\Program Files\Java\jdk1.8.0_60\jre\bin\server\jvm.dll
0x00007ffb2c120000 - 0x00007ffb2c128000 	C:\WINDOWS\System32\PSAPI.DLL
0x00007ffb221e0000 - 0x00007ffb221ea000 	C:\WINDOWS\SYSTEM32\VERSION.dll
0x00007ffb20f90000 - 0x00007ffb20fb4000 	C:\WINDOWS\SYSTEM32\WINMM.dll
0x00007ffb20f80000 - 0x00007ffb20f89000 	C:\WINDOWS\SYSTEM32\WSOCK32.dll
0x00007ffb2c300000 - 0x00007ffb2c36d000 	C:\WINDOWS\System32\WS2_32.dll
0x00007ffb20f50000 - 0x00007ffb20f7d000 	C:\WINDOWS\SYSTEM32\winmmbase.dll
0x00007ffb293f0000 - 0x00007ffb2943a000 	C:\WINDOWS\System32\cfgmgr32.dll
0x000000005c860000 - 0x000000005c86f000 	C:\Program Files\Java\jdk1.8.0_60\jre\bin\verify.dll
0x000000005c830000 - 0x000000005c859000 	C:\Program Files\Java\jdk1.8.0_60\jre\bin\java.dll
0x000000005b280000 - 0x000000005b2b5000 	C:\Program Files\Java\jdk1.8.0_60\jre\bin\jdwp.dll
0x000000005b270000 - 0x000000005b278000 	C:\Program Files\Java\jdk1.8.0_60\jre\bin\npt.dll
0x000000005c7d0000 - 0x000000005c7e6000 	C:\Program Files\Java\jdk1.8.0_60\jre\bin\zip.dll
0x00007ffb2a310000 - 0x00007ffb2b804000 	C:\WINDOWS\System32\SHELL32.dll
0x00007ffb2c7c0000 - 0x00007ffb2c868000 	C:\WINDOWS\System32\shcore.dll
0x00007ffb29a90000 - 0x00007ffb2a1dd000 	C:\WINDOWS\System32\windows.storage.dll
0x00007ffb28ff0000 - 0x00007ffb29014000 	C:\WINDOWS\System32\profapi.dll
0x00007ffb29040000 - 0x00007ffb2909d000 	C:\WINDOWS\System32\powrprof.dll
0x00007ffb2ce80000 - 0x00007ffb2ced2000 	C:\WINDOWS\System32\shlwapi.dll
0x00007ffb29020000 - 0x00007ffb29031000 	C:\WINDOWS\System32\kernel.appcore.dll
0x00007ffb29830000 - 0x00007ffb29847000 	C:\WINDOWS\System32\cryptsp.dll
0x000000005afa0000 - 0x000000005afa9000 	C:\Program Files\Java\jdk1.8.0_60\jre\bin\dt_socket.dll
0x00007ffb0a6d0000 - 0x00007ffb0a6e6000 	C:\WINDOWS\system32\napinsp.dll
0x00007ffb0a6b0000 - 0x00007ffb0a6ca000 	C:\WINDOWS\system32\pnrpnsp.dll
0x00007ffb28840000 - 0x00007ffb288a7000 	C:\WINDOWS\System32\mswsock.dll
0x00007ffb285a0000 - 0x00007ffb28666000 	C:\WINDOWS\SYSTEM32\DNSAPI.dll
0x00007ffb2a280000 - 0x00007ffb2a288000 	C:\WINDOWS\System32\NSI.dll
0x00007ffb28560000 - 0x00007ffb2859d000 	C:\WINDOWS\SYSTEM32\IPHLPAPI.DLL
0x00007ffb0a6a0000 - 0x00007ffb0a6ae000 	C:\WINDOWS\System32\winrnr.dll
0x00007ffb26550000 - 0x00007ffb2656b000 	C:\WINDOWS\system32\NLAapi.dll
0x00007ffb22d90000 - 0x00007ffb22da5000 	C:\WINDOWS\system32\wshbth.dll
0x000000005b670000 - 0x000000005b696000 	C:\Program Files\Bonjour\mdnsNSP.dll
0x00007ffb24100000 - 0x00007ffb24179000 	C:\WINDOWS\System32\fwpuclnt.dll
0x00007ffb29440000 - 0x00007ffb29466000 	C:\WINDOWS\System32\bcrypt.dll
0x00007ffb194a0000 - 0x00007ffb194aa000 	C:\Windows\System32\rasadhlp.dll
0x000000005b3b0000 - 0x000000005b3d4000 	C:\Program Files\Java\jdk1.8.0_60\jre\bin\sunec.dll
0x00007ffb28160000 - 0x00007ffb28193000 	C:\WINDOWS\system32\rsaenh.dll
0x00007ffb28ed0000 - 0x00007ffb28ef8000 	C:\WINDOWS\SYSTEM32\USERENV.dll
0x00007ffb28a10000 - 0x00007ffb28a1c000 	C:\WINDOWS\SYSTEM32\CRYPTBASE.dll
0x000000005c560000 - 0x000000005c57a000 	C:\Program Files\Java\jdk1.8.0_60\jre\bin\net.dll
0x00007ffb24000000 - 0x00007ffb24016000 	C:\WINDOWS\SYSTEM32\dhcpcsvc6.DLL
0x00007ffb23ee0000 - 0x00007ffb23efc000 	C:\WINDOWS\SYSTEM32\dhcpcsvc.DLL
0x000000005b6a0000 - 0x000000005b6b1000 	C:\Program Files\Java\jdk1.8.0_60\jre\bin\nio.dll
0x00007ffb0f940000 - 0x00007ffb0fb2d000 	C:\WINDOWS\SYSTEM32\dbghelp.dll

VM Arguments:
jvm_args: -agentlib:jdwp=transport=dt_socket,suspend=y,address=localhost:57839 -Dfile.encoding=UTF-8 
java_command: youdao.YoudaoNoteBatch
java_class_path (initial): C:\Users\i042416\git\JavaTwoPlusTwoEquals5\bin;C:\Users\i042416\git\JavaTwoPlusTwoEquals5\lib\json-rpc-1.0.jar;C:\Users\i042416\git\JavaTwoPlusTwoEquals5\lib\qrCode\zxing-core-1.7.jar;C:\Users\i042416\git\JavaTwoPlusTwoEquals5\lib\qrCode\zxing-j2se-1.7.jar;C:\Users\i042416\git\JavaTwoPlusTwoEquals5\lib\qrCode\qrgen-1.2.jar;C:\Users\i042416\git\JavaTwoPlusTwoEquals5\src\Interview\yuancao\lib\jgoodies-forms-1.8.0-sources.jar;C:\Users\i042416\git\JavaTwoPlusTwoEquals5\src\Interview\yuancao\lib\jgoodies-forms-1.8.0.jar;C:\Users\i042416\git\JavaTwoPlusTwoEquals5\lib\commons-lang3-3.1.jar;C:\Users\i042416\git\JavaTwoPlusTwoEquals5\lib\postgresql-42.1.1.jar;C:\Users\i042416\git\JavaTwoPlusTwoEquals5\lib\httpclient-4.5.1.jar;C:\Users\i042416\git\JavaTwoPlusTwoEquals5\lib\httpcore-4.4.3.jar;C:\Users\i042416\git\JavaTwoPlusTwoEquals5\lib\commons-logging-1.2.jar;C:\Users\i042416\git\JavaTwoPlusTwoEquals5\lib\olingo-odata2-api-2.0.0.jar;C:\Users\i042416\git\JavaTwoPlusTwoEquals5\lib\olingo-odata2-core-2.0.0.jar;C:\Users\i042416\git\JavaTwoPlusTwoEquals5\lib\commons-io-2.5.jar;C:\Users\i042416\git\JavaTwoPlusTwoEquals5\lib\jackson-annotations-2.2.2.jar;C:\Users\i042416\git\JavaTwoPlusTwoEquals5\lib\jackson-core-2.2.2.jar;C:\Users\i042416\git\JavaTwoPlusTwoEquals5\lib\jackson-databind-2.2.2.jar;C:\Users\i042416\git\JavaTwoPlusTwoEquals5\lib\qrCode\Qrcode.jar;C:\Users\i042416\git\JavaTwoPlusTwoEquals5\lib\qrCode\unqrcode.jar;C:\Users\i042416\git\JavaTwoPlusTwoEquals5\lib\commons-codec-1.6.jar;C:\Users\i042416\git\JavaTwoPlusTwoEquals5\lib\commons-logging-1.1.3.jar;C:\Users\i042416\git\JavaTwoPlusTwoEquals5\lib\faat_service_center.zip;C:\Users\i042416\git\JavaTwoPlusTwoEquals5\lib\fluent-hc-4.3.6.jar;C:\Users\i042416\git\JavaTwoPlusTwoEquals5\lib\httpclient-4.3.6.jar;C:\Users\i042416\git\JavaTwoPlusTwoEquals5\lib\httpclient-cache-4.3.6.jar;C:\Users\i042416\git\JavaTwoPlusTwoEquals5\lib\httpcore-4.3.3.jar;C:\Users\i042416\git\JavaTwoPlusTwoEquals5\lib\ht
Launcher Type: SUN_STANDARD

Environment Variables:
JAVA_HOME=C:\Program Files\Java\jdk1.8.0_60
CLASSPATH=C:\MyApp\jco\sapjco3.jar
PATH=C:\Program Files\Java\jdk1.8.0_60\jre\bin;C:/Program Files/Java/jre1.8.0_221/bin/server;C:/Program Files/Java/jre1.8.0_221/bin;C:/Program Files/Java/jre1.8.0_221/lib/amd64;C:\MyApp\py20180816\Scripts\;C:\MyApp\py20180816\;C:\Program Files (x86)\Common Files\Oracle\Java\javapath;c:\windows\system32;c:\windows;c:\windows\system32\wbem;c:\programdata\oracle\java\javapath;c:\windows\system32\windowspowershell\v1.0\;C:\MyApp\maven304\bin;C:\Program Files\Java\jdk1.8.0_60\bin;c:\program files\java\jdk1.8.0_60\bin;c:\myapp\cloudfoundry20170118;c:\myapp\seleniumwebdrivers;c:\myapp;c:\myapp\postgresql\bin;c:\myapp\androidstudio\gradle\gradle-3.2\bin;C:\MyApp\Git20180223\cmd;C:\MyApp\CloudFoundry20180428;C:\MyApp\postgreSQL20180430\pg10\bin;C:\MyApp\postgreSQL\pg10\bin;C:\WINDOWS\system32;C:\WINDOWS;C:\WINDOWS\System32\Wbem;C:\WINDOWS\System32\WindowsPowerShell\v1.0\;C:\MyApp\mongoDB\bin;C:\MyApp\nginx-1.14.1;C:\MyApp\pandoc-2.6-windows-x86_64;C:\MyApp\putty0.7\;C:\Program Files\WinRAR;C:\MyApp\OpenSSL-Win64\bin;C:\MyApp\ConEmuPack;C:\WINDOWS\System32\OpenSSH\;C:\MyApp\yarn\bin\;C:\Users\i042416\AppData\Local\Android\Sdk\platform-tools;C:\Users\i042416\AppData\Local\Microsoft\WindowsApps;C:\MyApp\;C:\MyApp\gradle4.7\bin;C:\MyApp\neo-java-web-sdk-3.52.15\tools;C:\MyApp\gource-0.47.win64;C:\MyApp\Typora;C:\MyApp\pandoc-2.6-windows-x86_64;C:\MyApp\curl\bin;C:\MyApp\VSCode;C:\MyApp\putty0.7;C:\Code\KOI_Wrapper\KOI;C:\Program Files\WinRAR;C:\MyApp\OpenSSL-Win64\bin;C:\MyApp\ConEmuPack;C:\MyApp\notepad2;C:\MyApp\OpenSSH-Win64;C:\MyApp\nc;C:\MyApp\wamp20190709\bin\php\php7.0.10;C:\Users\i042416\AppData\Local\Yarn\bin;C:\MyApp\node-v10.16.3-win-x64;;C:\MyApp\Eclipse;
USERNAME=I042416
OS=Windows_NT
PROCESSOR_IDENTIFIER=Intel64 Family 6 Model 94 Stepping 3, GenuineIntel



---------------  S Y S T E M  ---------------

OS: Windows 10.0 , 64 bit Build 17763 (10.0.17763.475)

CPU:total 8 (4 cores per cpu, 2 threads per core) family 6 model 94 stepping 3, cmov, cx8, fxsr, mmx, sse, sse2, sse3, ssse3, sse4.1, sse4.2, popcnt, avx, avx2, aes, clmul, erms, rtm, 3dnowpref, lzcnt, ht, tsc, tscinvbit, bmi1, bmi2, adx

Memory: 4k page, physical 33349196k(19822676k free), swap 33451596k(14400724k free)

vm_info: Java HotSpot(TM) 64-Bit Server VM (25.60-b23) for windows-amd64 JRE (1.8.0_60-b27), built on Aug  4 2015 11:06:27 by "java_re" with MS VC++ 10.0 (VS2010)

time: Tue Nov 05 15:03:57 2019
elapsed time: 1831 seconds (0d 0h 30m 31s)

